0 info it worked if it ends with ok
1 verbose cli [ 'node', '/usr/local/bin/npm', 'publish', './' ]
2 info using npm@1.4.3
3 info using node@v0.10.26
4 verbose publish [ './' ]
5 verbose cache add [ './', null ]
6 verbose cache add name=undefined spec="./" args=["./",null]
7 verbose parsed url { protocol: null,
7 verbose parsed url   slashes: null,
7 verbose parsed url   auth: null,
7 verbose parsed url   host: null,
7 verbose parsed url   port: null,
7 verbose parsed url   hostname: null,
7 verbose parsed url   hash: null,
7 verbose parsed url   search: null,
7 verbose parsed url   query: null,
7 verbose parsed url   pathname: './',
7 verbose parsed url   path: './',
7 verbose parsed url   href: './' }
8 silly lockFile 0ee6c175- ./
9 verbose lock ./ /Users/boris362/.npm/0ee6c175-.lock
10 verbose tar pack [ '/var/folders/2w/16rq_vb94l7d06y9108_87p40000gn/T/npm-19793-7_o2xcHc/1400339949123-0.5950874420814216/tmp.tgz',
10 verbose tar pack   './' ]
11 verbose tarball /var/folders/2w/16rq_vb94l7d06y9108_87p40000gn/T/npm-19793-7_o2xcHc/1400339949123-0.5950874420814216/tmp.tgz
12 verbose folder ./
13 info prepublish twitter-statuses-subject-recognizer@1.0.0
14 silly lockFile 04cb2bca-tar tar://./
15 verbose lock tar://./ /Users/boris362/.npm/04cb2bca-tar.lock
16 silly lockFile 11ad53e9-49123-0-5950874420814216-tmp-tgz tar:///var/folders/2w/16rq_vb94l7d06y9108_87p40000gn/T/npm-19793-7_o2xcHc/1400339949123-0.5950874420814216/tmp.tgz
17 verbose lock tar:///var/folders/2w/16rq_vb94l7d06y9108_87p40000gn/T/npm-19793-7_o2xcHc/1400339949123-0.5950874420814216/tmp.tgz /Users/boris362/.npm/11ad53e9-49123-0-5950874420814216-tmp-tgz.lock
18 silly lockFile 04cb2bca-tar tar://./
19 silly lockFile 04cb2bca-tar tar://./
20 silly lockFile 11ad53e9-49123-0-5950874420814216-tmp-tgz tar:///var/folders/2w/16rq_vb94l7d06y9108_87p40000gn/T/npm-19793-7_o2xcHc/1400339949123-0.5950874420814216/tmp.tgz
21 silly lockFile 11ad53e9-49123-0-5950874420814216-tmp-tgz tar:///var/folders/2w/16rq_vb94l7d06y9108_87p40000gn/T/npm-19793-7_o2xcHc/1400339949123-0.5950874420814216/tmp.tgz
22 verbose tar unpack /var/folders/2w/16rq_vb94l7d06y9108_87p40000gn/T/npm-19793-7_o2xcHc/1400339949123-0.5950874420814216/tmp.tgz
23 silly lockFile b0d52486-49123-0-5950874420814216-package tar:///var/folders/2w/16rq_vb94l7d06y9108_87p40000gn/T/npm-19793-7_o2xcHc/1400339949123-0.5950874420814216/package
24 verbose lock tar:///var/folders/2w/16rq_vb94l7d06y9108_87p40000gn/T/npm-19793-7_o2xcHc/1400339949123-0.5950874420814216/package /Users/boris362/.npm/b0d52486-49123-0-5950874420814216-package.lock
25 silly lockFile 11ad53e9-49123-0-5950874420814216-tmp-tgz tar:///var/folders/2w/16rq_vb94l7d06y9108_87p40000gn/T/npm-19793-7_o2xcHc/1400339949123-0.5950874420814216/tmp.tgz
26 verbose lock tar:///var/folders/2w/16rq_vb94l7d06y9108_87p40000gn/T/npm-19793-7_o2xcHc/1400339949123-0.5950874420814216/tmp.tgz /Users/boris362/.npm/11ad53e9-49123-0-5950874420814216-tmp-tgz.lock
27 silly gunzTarPerm modes [ '755', '644' ]
28 silly gunzTarPerm extractEntry package.json
29 silly gunzTarPerm extractEntry .npmignore
30 silly gunzTarPerm extractEntry README.md
31 silly gunzTarPerm extractEntry LICENSE
32 silly gunzTarPerm extractEntry index.js
33 silly gunzTarPerm extractEntry lib/AugmentedTweet.js
34 silly gunzTarPerm extractEntry lib/Subject.js
35 silly gunzTarPerm extractEntry lib/SubjectsCollection.js
36 silly gunzTarPerm extractEntry tests/AugmentedTweet_test.js
37 silly gunzTarPerm extractEntry tests/Subject_test.js
38 silly gunzTarPerm extractEntry tests/SubjectsCollection_test.js
39 silly gunzTarPerm extractEntry tests/TwitterStatusesSubjectRecognizer_test.js
40 silly gunzTarPerm extractEntry tests/test_tweet.json
41 silly lockFile b0d52486-49123-0-5950874420814216-package tar:///var/folders/2w/16rq_vb94l7d06y9108_87p40000gn/T/npm-19793-7_o2xcHc/1400339949123-0.5950874420814216/package
42 silly lockFile b0d52486-49123-0-5950874420814216-package tar:///var/folders/2w/16rq_vb94l7d06y9108_87p40000gn/T/npm-19793-7_o2xcHc/1400339949123-0.5950874420814216/package
43 silly lockFile 11ad53e9-49123-0-5950874420814216-tmp-tgz tar:///var/folders/2w/16rq_vb94l7d06y9108_87p40000gn/T/npm-19793-7_o2xcHc/1400339949123-0.5950874420814216/tmp.tgz
44 silly lockFile 11ad53e9-49123-0-5950874420814216-tmp-tgz tar:///var/folders/2w/16rq_vb94l7d06y9108_87p40000gn/T/npm-19793-7_o2xcHc/1400339949123-0.5950874420814216/tmp.tgz
45 verbose tar pack [ '/Users/boris362/.npm/twitter-statuses-subject-recognizer/1.0.0/package.tgz',
45 verbose tar pack   '/var/folders/2w/16rq_vb94l7d06y9108_87p40000gn/T/npm-19793-7_o2xcHc/1400339949123-0.5950874420814216/package' ]
46 verbose tarball /Users/boris362/.npm/twitter-statuses-subject-recognizer/1.0.0/package.tgz
47 verbose folder /var/folders/2w/16rq_vb94l7d06y9108_87p40000gn/T/npm-19793-7_o2xcHc/1400339949123-0.5950874420814216/package
48 silly lockFile b0d52486-49123-0-5950874420814216-package tar:///var/folders/2w/16rq_vb94l7d06y9108_87p40000gn/T/npm-19793-7_o2xcHc/1400339949123-0.5950874420814216/package
49 verbose lock tar:///var/folders/2w/16rq_vb94l7d06y9108_87p40000gn/T/npm-19793-7_o2xcHc/1400339949123-0.5950874420814216/package /Users/boris362/.npm/b0d52486-49123-0-5950874420814216-package.lock
50 silly lockFile 2b466279-ect-recognizer-1-0-0-package-tgz tar:///Users/boris362/.npm/twitter-statuses-subject-recognizer/1.0.0/package.tgz
51 verbose lock tar:///Users/boris362/.npm/twitter-statuses-subject-recognizer/1.0.0/package.tgz /Users/boris362/.npm/2b466279-ect-recognizer-1-0-0-package-tgz.lock
52 silly lockFile b0d52486-49123-0-5950874420814216-package tar:///var/folders/2w/16rq_vb94l7d06y9108_87p40000gn/T/npm-19793-7_o2xcHc/1400339949123-0.5950874420814216/package
53 silly lockFile b0d52486-49123-0-5950874420814216-package tar:///var/folders/2w/16rq_vb94l7d06y9108_87p40000gn/T/npm-19793-7_o2xcHc/1400339949123-0.5950874420814216/package
54 silly lockFile 2b466279-ect-recognizer-1-0-0-package-tgz tar:///Users/boris362/.npm/twitter-statuses-subject-recognizer/1.0.0/package.tgz
55 silly lockFile 2b466279-ect-recognizer-1-0-0-package-tgz tar:///Users/boris362/.npm/twitter-statuses-subject-recognizer/1.0.0/package.tgz
56 silly lockFile 45e39008-subject-recognizer-1-0-0-package /Users/boris362/.npm/twitter-statuses-subject-recognizer/1.0.0/package
57 verbose lock /Users/boris362/.npm/twitter-statuses-subject-recognizer/1.0.0/package /Users/boris362/.npm/45e39008-subject-recognizer-1-0-0-package.lock
58 silly lockFile 45e39008-subject-recognizer-1-0-0-package /Users/boris362/.npm/twitter-statuses-subject-recognizer/1.0.0/package
59 silly lockFile 45e39008-subject-recognizer-1-0-0-package /Users/boris362/.npm/twitter-statuses-subject-recognizer/1.0.0/package
60 verbose tar unpack /Users/boris362/.npm/twitter-statuses-subject-recognizer/1.0.0/package.tgz
61 silly lockFile 02c7b457-subject-recognizer-1-0-0-package tar:///Users/boris362/.npm/twitter-statuses-subject-recognizer/1.0.0/package
62 verbose lock tar:///Users/boris362/.npm/twitter-statuses-subject-recognizer/1.0.0/package /Users/boris362/.npm/02c7b457-subject-recognizer-1-0-0-package.lock
63 silly lockFile 2b466279-ect-recognizer-1-0-0-package-tgz tar:///Users/boris362/.npm/twitter-statuses-subject-recognizer/1.0.0/package.tgz
64 verbose lock tar:///Users/boris362/.npm/twitter-statuses-subject-recognizer/1.0.0/package.tgz /Users/boris362/.npm/2b466279-ect-recognizer-1-0-0-package-tgz.lock
65 silly gunzTarPerm modes [ '755', '644' ]
66 silly gunzTarPerm extractEntry package.json
67 silly gunzTarPerm extractEntry .npmignore
68 silly gunzTarPerm extractEntry README.md
69 silly gunzTarPerm extractEntry LICENSE
70 silly gunzTarPerm extractEntry index.js
71 silly gunzTarPerm extractEntry lib/AugmentedTweet.js
72 silly gunzTarPerm extractEntry lib/Subject.js
73 silly gunzTarPerm extractEntry lib/SubjectsCollection.js
74 silly gunzTarPerm extractEntry tests/AugmentedTweet_test.js
75 silly gunzTarPerm extractEntry tests/Subject_test.js
76 silly gunzTarPerm extractEntry tests/SubjectsCollection_test.js
77 silly gunzTarPerm extractEntry tests/TwitterStatusesSubjectRecognizer_test.js
78 silly gunzTarPerm extractEntry tests/test_tweet.json
79 silly lockFile 02c7b457-subject-recognizer-1-0-0-package tar:///Users/boris362/.npm/twitter-statuses-subject-recognizer/1.0.0/package
80 silly lockFile 02c7b457-subject-recognizer-1-0-0-package tar:///Users/boris362/.npm/twitter-statuses-subject-recognizer/1.0.0/package
81 silly lockFile 2b466279-ect-recognizer-1-0-0-package-tgz tar:///Users/boris362/.npm/twitter-statuses-subject-recognizer/1.0.0/package.tgz
82 silly lockFile 2b466279-ect-recognizer-1-0-0-package-tgz tar:///Users/boris362/.npm/twitter-statuses-subject-recognizer/1.0.0/package.tgz
83 verbose chmod /Users/boris362/.npm/twitter-statuses-subject-recognizer/1.0.0/package.tgz 644
84 verbose chown /Users/boris362/.npm/twitter-statuses-subject-recognizer/1.0.0/package.tgz [ 501, 20 ]
85 silly lockFile 0ee6c175- ./
86 silly lockFile 0ee6c175- ./
87 silly publish { name: 'twitter-statuses-subject-recognizer',
87 silly publish   version: '1.0.0',
87 silly publish   description: 'Module lets you define subjects to track and recognize incoming statuses\' subjects while working with Twitter Streaming APIs.',
87 silly publish   main: 'index.js',
87 silly publish   repository:
87 silly publish    { type: 'git',
87 silly publish      url: 'https://github.com/BorisChumichev/twitter-statuses-subject-recognizer.git' },
87 silly publish   keywords:
87 silly publish    [ 'tweet',
87 silly publish      'status',
87 silly publish      'twitter',
87 silly publish      'streaming',
87 silly publish      'api',
87 silly publish      'parser',
87 silly publish      'subject',
87 silly publish      'recognizer' ],
87 silly publish   devDependencies: { vows: '0.7.0' },
87 silly publish   author: { name: 'Boris Chumichev', email: 'boris362@yandex.ru' },
87 silly publish   license: 'MIT',
87 silly publish   bugs: { url: 'https://github.com/BorisChumichev/twitter-statuses-subject-recognizer/issues' },
87 silly publish   homepage: 'https://github.com/BorisChumichev/twitter-statuses-subject-recognizer',
87 silly publish   readme: 'twitter-statuses-subject-recognizer\n===================================\n\n`twitter-statuses-subject-recognizer` lets you define subjects to track using Twitter Streaming APIs and recognize incoming statuses\' subjects.\n\n##What problem does this module solve?\nIf you decide working with Twitter Streaming APIs and want to track statuses that relate to numerous topics (subjects) you will face the problem that Twitter pushes all statuses in one stream so that your application needs a way to identify the subject of each status. `twitter-statuses-subject-recognizer` solves that problem. Of course it may be used not only with Streaming APIs – assume you have large amount of tweets in your database, and you want to filter those tweets that relate to one or various particular topics.\n\n#Install\n\n\t$ npm install twitter-statuses-subject-recognizer\n\n#How to use\n\nLets say you want to track Twitter statuses related to GitHub, pastries, and Vladimir Putin. First you need to define your subjects and instantiate parser object:\n\n\tvar TSSR = require(\'twitter-statuses-subject-recognizer\').TwitterStatusesSubjectRecognizer;\n\t\n\t// Define subjects:\n\tvar subjects = [\n  \t  {\n  \t    name: "GitHub",\n   \t    keywords: ["github"]\n  \t  },\n  \t  {\t\n  \t\tname: "Pastries",\n  \t\tkeywords: ["banitsa", "eclair", "blachindla", "chouquette"]\n  \t  },\n \t  {\n    \tname: "Putin", \n    \tkeywords: ["путин", "putin", "普京"]\n  \t  }\n\t];\n\t\n\t// Instantiate parser object:\n\tvar tssr = new TSSR(subjects);\n\t\nIn that case your request to Twitters API may look like:\n\t\n\thttps://stream.twitter.com/1.1/statuses/filter.json?track=github,banitsa,eclair,blachindla,chouquette,путин,putin,普京\n\nwhere `track` parameter holds all the keywords. You don\'t have to hardcode `track` parameter, once parser object were instantiated it has `trackString` property which you can use as `track` parameter.\n\n\tconsole.log(tssr.trackString);\n\t-> \'github,banitsa,eclair,blachindla,chouquette,путин,putin,普京\'\n\t\nOnce you have connected to streaming endpoint you can use `parse` method to recognize subjects of incoming tweets:\n\n\tvar augmentedTweet = tssr.parse(tweet);\n\t\nThat\'s it! `tssr.parse` method creates new object that has all properties of the original tweet and `subjectsCollection` property that holds subjects it\'s related to. To get names of related subjects use:\n\n\taugmentedTweet.subjectsCollection.names\n\nYou can read more about subjectsCollection property in documentation section.\n\n# Example\n\nThis example utilizes [`twit` – Twitter API Client for node](https://github.com/ttezel/twit).\n\n\tvar Twit = require(\'twit\')\n  \t  , TSSR = require(\'twitter-statuses-subject-recognizer\').TwitterStatusesSubjectRecognizer\n\t\n\t// Instatiate Twitter client using your application credentials:\n\tvar T = new Twit({\n\t  \'consumer_key\': "your consumer key",\n\t  \'consumer_secret\': "your consumer secret",\n\t  \'access_token\': "your access_token",\n\t  \'access_token_secret\': "your access token secret"\n\t});\n\t\n\t// Define subjects to track\n\tvar subjects = [\n\t  {\n\t    name: "Putin", \n\t    keywords: ["путин", "putin", "普京"]\n\t  }\n\t];\n\t\n\t// Instantiate parser object:\n\tvar tssr = new TSSR(subjects);\n\t\n\t// Connect to \'statuses/filter\' endpoint using twit module.\n\t// Use tssr.trackString property as track parameter:\n\tvar stream = T.stream(\'statuses/filter\', {track: tssr.trackString});\n\t\n\tstream.on(\'tweet\', function (tweet) {\n\t  // Recognize subjects:\n\t  augmentedTweet = tssr.parse(tweet);\n\t  // Log subject names:\n\t  console.log(augmentedTweet.subjectsCollection.names);\n\t});\n\t\n#Documentation\n\n##TwitterStatusesSubjectRecognizer class\n\n**TwitterStatusesSubjectRecognizer** constructor creates new instance of parser for a given set of subjects.\n\n#####Syntax\n\n\tnew TwitterStatusesSubjecttRecognizer([subject1, subject2, ..., subjectN]);\n\t\n#####Parameters\n\n**[subject1, subject2, ..., subjectN]** – an Array of subject objects. Each subject must have `name` and `keywords` properties:\n\n\tvar exampleSubject = {\n\t  name: "expampleName",\n\t  keywords: ["keyword1", "keyword2", ..., "keywordN"]\n\t}\n\t\n#####Example\n\n\tvar TSSR = require(\'twitter-statuses-subject-recognizer\').TwitterStatusesSubjectRecognizer\n\tvar subjects = [\n\t  {\n\t    name: "Pastries",\n  \t\tkeywords: ["banitsa", "eclair", "blachindla", "chouquette"]\n\t  },\n\t  {\n\t    name: "Prefectures of Japan",\n  \t\tkeywords: ["iwate", "yamaguchi", " ehime", "kagawa"]\n\t  },\n\t  {\n\t    name: "Obama",\n  \t\tkeywords: ["обама", "obama", "オバマ"]\n\t  }\n\t];\n\tvar tssr = new TSSR(subjects);\n\t\n###TwitterStatusesSubjectRecognizer.trackString\nTrack parameter for Twitter Streaming APIs. \n\n#####Syntax\n\n\ttssr.trackString\n\n#####Example\n\n\tvar TSSR = require(\'twitter-statuses-subject-recognizer\').TwitterStatusesSubjectRecognizer\n\tvar subjects = [\n\t  {\n\t    name: "Pastries",\n  \t\tkeywords: ["banitsa", "eclair", "blachindla", "chouquette"]\n\t  }\n\t];\n\tvar tssr = new TSSR(subjects);\n\tconsole.log(tssr.trackString);\n\t\n\t-> \'banitsa,eclair,blachindla,chouquette\'\n\n###TwitterStatusesSubjectRecognizer.prototype.parse()\nRecognizes subjects related to a given tweet object. Returns new object of **AugmentedTweet** class.\n\n#####Syntax\n\n\ttssr.parse(tweet);\n\t\n#####Parameters\n\n**tweet** must be an instance of Twitter [Tweets](https://dev.twitter.com/docs/platform-objects/tweets) class.',
87 silly publish   readmeFilename: 'README.md',
87 silly publish   _id: 'twitter-statuses-subject-recognizer@1.0.0',
87 silly publish   dist: { shasum: '9a94a77eae9805c29663d9b0fc9c49b16cd6c17e' },
87 silly publish   _from: './' }
88 verbose url raw twitter-statuses-subject-recognizer
89 verbose url resolving [ 'https://registry.npmjs.org/',
89 verbose url resolving   './twitter-statuses-subject-recognizer' ]
90 verbose url resolved https://registry.npmjs.org/twitter-statuses-subject-recognizer
91 info trying registry request attempt 1 at 19:19:09
92 http PUT https://registry.npmjs.org/twitter-statuses-subject-recognizer
93 http 403 https://registry.npmjs.org/twitter-statuses-subject-recognizer
94 error publish Failed PUT 403
95 error Error: forbidden cannot modify pre-existing version: 1.0.0
95 error old={"name":"twitter-statuses-subject-recognizer","version":"1.0.0","description":"Module lets you define subjects to track and recognize incoming statuses' subjects while working with Twitter Streaming APIs.","main":"index.js","repository":{"type":"git","url":"https://github.com/BorisChumichev/twitter-statuses-subject-recognizer.git"},"keywords":["tweet","status","twitter","streaming","api","parser","subject","recognizer"],"devDependencies":{"vows":"0.7.0"},"author":{"name":"Boris Chumichev","email":"boris362@yandex.ru"},"license":"MIT","bugs":{"url":"https://github.com/BorisChumichev/twitter-statuses-subject-recognizer/issues"},"homepage":"https://github.com/BorisChumichev/twitter-statuses-subject-recognizer","_id":"twitter-statuses-subject-recognizer@1.0.0","dist":{"shasum":"9a94a77eae9805c29663d9b0fc9c49b16cd6c17e","tarball":"http://registry.npmjs.org/twitter-statuses-subject-recognizer/-/twitter-statuses-subject-recognizer-1.0.0.tgz"},"_from":"./","_npmVersion":"1.4.3","_npmUser":{"name":"borisc","email":"boris362@yandex.ru"},"maintainers":[{"name":"borisc","email":"boris362@yandex.ru"}]}
95 error new={"name":"twitter-statuses-subject-recognizer","version":"1.0.0","description":"Module lets you define subjects to track and recognize incoming statuses' subjects while working with Twitter Streaming APIs.","main":"index.js","repository":{"type":"git","url":"https://github.com/BorisChumichev/twitter-statuses-subject-recognizer.git"},"keywords":["tweet","status","twitter","streaming","api","parser","subject","recognizer"],"devDependencies":{"vows":"0.7.0"},"author":{"name":"Boris Chumichev","email":"boris362@yandex.ru"},"license":"MIT","bugs":{"url":"https://github.com/BorisChumichev/twitter-statuses-subject-recognizer/issues"},"homepage":"https://github.com/BorisChumichev/twitter-statuses-subject-recognizer","readme":"twitter-statuses-subject-recognizer\u000a===================================\u000a\u000a`twitter-statuses-subject-recognizer` lets you define subjects to track using Twitter Streaming APIs and recognize incoming statuses' subjects.\u000a\u000a##What problem does this module solve?\u000aIf you decide working with Twitter Streaming APIs and want to track statuses that relate to numerous topics (subjects) you will face the problem that Twitter pushes all statuses in one stream so that your application needs a way to identify the subject of each status. `twitter-statuses-subject-recognizer` solves that problem. Of course it may be used not only with Streaming APIs – assume you have large amount of tweets in your database, and you want to filter those tweets that relate to one or various particular topics.\u000a\u000a#Install\u000a\u000a\u0009$ npm install twitter-statuses-subject-recognizer\u000a\u000a#How to use\u000a\u000aLets say you want to track Twitter statuses related to GitHub, pastries, and Vladimir Putin. First you need to define your subjects and instantiate parser object:\u000a\u000a\u0009var TSSR = require('twitter-statuses-subject-recognizer').TwitterStatusesSubjectRecognizer;\u000a\u0009\u000a\u0009// Define subjects:\u000a\u0009var subjects = [\u000a  \u0009  {\u000a  \u0009    name: \"GitHub\",\u000a   \u0009    keywords: [\"github\"]\u000a  \u0009  },\u000a  \u0009  {\u0009\u000a  \u0009\u0009name: \"Pastries\",\u000a  \u0009\u0009keywords: [\"banitsa\", \"eclair\", \"blachindla\", \"chouquette\"]\u000a  \u0009  },\u000a \u0009  {\u000a    \u0009name: \"Putin\", \u000a    \u0009keywords: [\"путин\", \"putin\", \"普京\"]\u000a  \u0009  }\u000a\u0009];\u000a\u0009\u000a\u0009// Instantiate parser object:\u000a\u0009var tssr = new TSSR(subjects);\u000a\u0009\u000aIn that case your request to Twitters API may look like:\u000a\u0009\u000a\u0009https://stream.twitter.com/1.1/statuses/filter.json?track=github,banitsa,eclair,blachindla,chouquette,путин,putin,普京\u000a\u000awhere `track` parameter holds all the keywords. You don't have to hardcode `track` parameter, once parser object were instantiated it has `trackString` property which you can use as `track` parameter.\u000a\u000a\u0009console.log(tssr.trackString);\u000a\u0009-> 'github,banitsa,eclair,blachindla,chouquette,путин,putin,普京'\u000a\u0009\u000aOnce you have connected to streaming endpoint you can use `parse` method to recognize subjects of incoming tweets:\u000a\u000a\u0009var augmentedTweet = tssr.parse(tweet);\u000a\u0009\u000aThat's it! `tssr.parse` method creates new object that has all properties of the original tweet and `subjectsCollection` property that holds subjects it's related to. To get names of related subjects use:\u000a\u000a\u0009augmentedTweet.subjectsCollection.names\u000a\u000aYou can read more about subjectsCollection property in documentation section.\u000a\u000a# Example\u000a\u000aThis example utilizes [`twit` – Twitter API Client for node](https://github.com/ttezel/twit).\u000a\u000a\u0009var Twit = require('twit')\u000a  \u0009  , TSSR = require('twitter-statuses-subject-recognizer').TwitterStatusesSubjectRecognizer\u000a\u0009\u000a\u0009// Instatiate Twitter client using your application credentials:\u000a\u0009var T = new Twit({\u000a\u0009  'consumer_key': \"your consumer key\",\u000a\u0009  'consumer_secret': \"your consumer secret\",\u000a\u0009  'access_token': \"your access_token\",\u000a\u0009  'access_token_secret': \"your access token secret\"\u000a\u0009});\u000a\u0009\u000a\u0009// Define subjects to track\u000a\u0009var subjects = [\u000a\u0009  {\u000a\u0009    name: \"Putin\", \u000a\u0009    keywords: [\"путин\", \"putin\", \"普京\"]\u000a\u0009  }\u000a\u0009];\u000a\u0009\u000a\u0009// Instantiate parser object:\u000a\u0009var tssr = new TSSR(subjects);\u000a\u0009\u000a\u0009// Connect to 'statuses/filter' endpoint using twit module.\u000a\u0009// Use tssr.trackString property as track parameter:\u000a\u0009var stream = T.stream('statuses/filter', {track: tssr.trackString});\u000a\u0009\u000a\u0009stream.on('tweet', function (tweet) {\u000a\u0009  // Recognize subjects:\u000a\u0009  augmentedTweet = tssr.parse(tweet);\u000a\u0009  // Log subject names:\u000a\u0009  console.log(augmentedTweet.subjectsCollection.names);\u000a\u0009});\u000a\u0009\u000a#Documentation\u000a\u000a##TwitterStatusesSubjectRecognizer class\u000a\u000a**TwitterStatusesSubjectRecognizer** constructor creates new instance of parser for a given set of subjects.\u000a\u000a#####Syntax\u000a\u000a\u0009new TwitterStatusesSubjecttRecognizer([subject1, subject2, ..., subjectN]);\u000a\u0009\u000a#####Parameters\u000a\u000a**[subject1, subject2, ..., subjectN]** – an Array of subject objects. Each subject must have `name` and `keywords` properties:\u000a\u000a\u0009var exampleSubject = {\u000a\u0009  name: \"expampleName\",\u000a\u0009  keywords: [\"keyword1\", \"keyword2\", ..., \"keywordN\"]\u000a\u0009}\u000a\u0009\u000a#####Example\u000a\u000a\u0009var TSSR = require('twitter-statuses-subject-recognizer').TwitterStatusesSubjectRecognizer\u000a\u0009var subjects = [\u000a\u0009  {\u000a\u0009    name: \"Pastries\",\u000a  \u0009\u0009keywords: [\"banitsa\", \"eclair\", \"blachindla\", \"chouquette\"]\u000a\u0009  },\u000a\u0009  {\u000a\u0009    name: \"Prefectures of Japan\",\u000a  \u0009\u0009keywords: [\"iwate\", \"yamaguchi\", \" ehime\", \"kagawa\"]\u000a\u0009  },\u000a\u0009  {\u000a\u0009    name: \"Obama\",\u000a  \u0009\u0009keywords: [\"обама\", \"obama\", \"オバマ\"]\u000a\u0009  }\u000a\u0009];\u000a\u0009var tssr = new TSSR(subjects);\u000a\u0009\u000a###TwitterStatusesSubjectRecognizer.trackString\u000aTrack parameter for Twitter Streaming APIs. \u000a\u000a#####Syntax\u000a\u000a\u0009tssr.trackString\u000a\u000a#####Example\u000a\u000a\u0009var TSSR = require('twitter-statuses-subject-recognizer').TwitterStatusesSubjectRecognizer\u000a\u0009var subjects = [\u000a\u0009  {\u000a\u0009    name: \"Pastries\",\u000a  \u0009\u0009keywords: [\"banitsa\", \"eclair\", \"blachindla\", \"chouquette\"]\u000a\u0009  }\u000a\u0009];\u000a\u0009var tssr = new TSSR(subjects);\u000a\u0009console.log(tssr.trackString);\u000a\u0009\u000a\u0009-> 'banitsa,eclair,blachindla,chouquette'\u000a\u000a###TwitterStatusesSubjectRecognizer.prototype.parse()\u000aRecognizes subjects related to a given tweet object. Returns new object of **AugmentedTweet** class.\u000a\u000a#####Syntax\u000a\u000a\u0009tssr.parse(tweet);\u000a\u0009\u000a#####Parameters\u000a\u000a**tweet** must be an instance of Twitter [Tweets](https://dev.twitter.com/docs/platform-objects/tweets) class.","readmeFilename":"README.md","_id":"twitter-statuses-subject-recognizer@1.0.0","dist":{"shasum":"9a94a77eae9805c29663d9b0fc9c49b16cd6c17e","tarball":"http://registry.npmjs.org/twitter-statuses-subject-recognizer/-/twitter-statuses-subject-recognizer-1.0.0.tgz"},"_from":"./","_npmVersion":"1.4.3","_npmUser":{"name":"borisc","email":"boris362@yandex.ru"},"maintainers":[{"name":"borisc","email":"boris362@yandex.ru"}]}: twitter-statuses-subject-recognizer
95 error     at RegClient.<anonymous> (/usr/local/lib/node_modules/npm/node_modules/npm-registry-client/lib/request.js:237:14)
95 error     at Request.self.callback (/usr/local/lib/node_modules/npm/node_modules/request/request.js:123:22)
95 error     at Request.EventEmitter.emit (events.js:98:17)
95 error     at Request.<anonymous> (/usr/local/lib/node_modules/npm/node_modules/request/request.js:893:14)
95 error     at Request.EventEmitter.emit (events.js:117:20)
95 error     at IncomingMessage.<anonymous> (/usr/local/lib/node_modules/npm/node_modules/request/request.js:844:12)
95 error     at IncomingMessage.EventEmitter.emit (events.js:117:20)
95 error     at _stream_readable.js:920:16
95 error     at process._tickCallback (node.js:415:13)
96 error If you need help, you may report this *entire* log,
96 error including the npm and node versions, at:
96 error     <http://github.com/npm/npm/issues>
97 error System Darwin 13.1.0
98 error command "node" "/usr/local/bin/npm" "publish" "./"
99 error cwd /Users/boris362/docs/node/twitter-statuses-subject-recognizer
100 error node -v v0.10.26
101 error npm -v 1.4.3
102 verbose exit [ 1, true ]
